<?xml version="1.0" encoding="UTF-8"?>
<testng-results skipped="0" failed="0" ignored="0" total="1" passed="1">
  <reporter-output>
  </reporter-output>
  <suite name="Suite" duration-ms="11477" started-at="2021-01-07T15:57:36 IST" finished-at="2021-01-07T15:57:48 IST">
    <groups>
    </groups>
    <test name="Testone" duration-ms="11477" started-at="2021-01-07T15:57:36 IST" finished-at="2021-01-07T15:57:48 IST">
      <class name="mavenproject1.testone.Testonedemo">
        <test-method status="PASS" signature="demo()[pri:0, instance:mavenproject1.testone.Testonedemo@343f4d3d]" name="demo" duration-ms="11452" started-at="2021-01-07T15:57:36 IST" finished-at="2021-01-07T15:57:48 IST">
          <reporter-output>
          </reporter-output>
        </test-method> <!-- demo -->
      </class> <!-- mavenproject1.testone.Testonedemo -->
    </test> <!-- Testone -->
  </suite> <!-- Suite -->
</testng-results>
