<?xml version="1.0" encoding="UTF-8"?>
<testng-results ignored="0" total="1" passed="1" failed="0" skipped="0">
  <reporter-output>
  </reporter-output>
  <suite started-at="2021-01-05T08:52:13 IST" name="Suite" finished-at="2021-01-05T08:52:24 IST" duration-ms="10605">
    <groups>
    </groups>
    <test started-at="2021-01-05T08:52:13 IST" name="Testone" finished-at="2021-01-05T08:52:24 IST" duration-ms="10605">
      <class name="mavenproject1.testone.Testonedemo">
        <test-method signature="demo()[pri:0, instance:mavenproject1.testone.Testonedemo@60015ef5]" started-at="2021-01-05T08:52:14 IST" name="demo" finished-at="2021-01-05T08:52:24 IST" duration-ms="10576" status="PASS">
          <reporter-output>
          </reporter-output>
        </test-method> <!-- demo -->
      </class> <!-- mavenproject1.testone.Testonedemo -->
    </test> <!-- Testone -->
  </suite> <!-- Suite -->
</testng-results>
